============================= test session starts ==============================
platform linux -- Python 3.14.4, pytest-9.0.3, pluggy-1.6.0 -- /usr/bin/python3
cachedir: .pytest_cache
rootdir: /home/sketch/Projects/UMBRA-CORE
configfile: pytest.ini
plugins: anyio-4.13.0, asyncio-1.3.0, typeguard-4.4.4
asyncio: mode=Mode.STRICT, debug=False, asyncio_default_fixture_loop_scope=None, asyncio_default_test_loop_scope=function
collecting ... collected 33 items

tests/test_d001.py::test_birth_creates_one_identity PASSED               [  3%]
tests/test_d001.py::test_restart_preserves_identity PASSED               [  6%]
tests/test_d001.py::test_corrupt_identity_fails_closed PASSED            [  9%]
tests/test_d001.py::test_identity_excludes_adaptive_state PASSED         [ 12%]
tests/test_d001.py::test_physiology_drifts_without_input PASSED          [ 15%]
tests/test_d001.py::test_actions_change_physiology_only_through_outcomes PASSED [ 18%]
tests/test_d001.py::test_satiation_reduces_resource_seeking PASSED       [ 21%]
tests/test_d001.py::test_overshoot_is_penalized PASSED                   [ 24%]
tests/test_d001.py::test_competing_needs_change_action_selection PASSED  [ 27%]
tests/test_d001.py::test_policy_cannot_read_world_truth PASSED           [ 30%]
tests/test_d001.py::test_observation_noise_is_seeded PASSED              [ 33%]
tests/test_d001.py::test_stale_observations_expire PASSED                [ 36%]
tests/test_d001.py::test_all_actions_pass_governance PASSED              [ 39%]
tests/test_d001.py::test_denied_action_never_executes PASSED             [ 42%]
tests/test_d001.py::test_capability_cannot_modify_identity PASSED        [ 45%]
tests/test_d001.py::test_capability_cannot_modify_authority PASSED       [ 48%]
tests/test_d001.py::test_capability_cannot_modify_physiology_directly PASSED [ 51%]
tests/test_d001.py::test_outcome_is_verified PASSED                      [ 54%]
tests/test_d001.py::test_event_chain_detects_mutation PASSED             [ 57%]
tests/test_d001.py::test_event_sequence_detects_gap PASSED               [ 60%]
tests/test_d001.py::test_birth_replay_matches_final_state PASSED         [ 63%]
tests/test_d001.py::test_snapshot_replay_matches_birth_replay PASSED     [ 66%]
tests/test_d001.py::test_restart_during_action_recovers_safely PASSED    [ 69%]
tests/test_d001.py::test_agent_acts_without_user_prompt PASSED           [ 72%]
tests/test_d001.py::test_agent_operates_without_llm PASSED               [ 75%]
tests/test_d001.py::test_low_energy_changes_behavior PASSED              [ 78%]
tests/test_d001.py::test_high_fatigue_changes_behavior PASSED            [ 81%]
tests/test_d001.py::test_low_integrity_changes_behavior PASSED           [ 84%]
tests/test_d001.py::test_drift_ablation_reduces_autonomy PASSED          [ 87%]
tests/test_d001.py::test_state_ablation_reduces_coherence PASSED         [ 90%]
tests/test_d001.py::test_random_and_scripted_controls_underperform PASSED [ 93%]
tests/test_d001.py::test_action_thrashing_is_bounded PASSED              [ 96%]
tests/test_d001.py::test_memory_and_planning_modules_not_added PASSED    [100%]

============================== 33 passed in 0.59s ==============================
